# JRE version: OpenJDK Runtime Environment (11.0.1+3) (build 11.0.0.1+3-5)
# Java VM: OpenJDK 64-Bit Server VM (11.0.0.1+3-5, mixed mode, tiered, compressed oops, g1 gc, windows-amd64)
Heap:
 garbage-first heap   total 505856K, used 87419K [0x0000000613a00000, 0x0000000800000000)
  region size 2048K, 17 young (34816K), 2 survivors (4096K)
 Metaspace       used 29020K, capacity 29767K, committed 30076K, reserved 1075200K
  class space    used 3007K, capacity 3334K, committed 3452K, reserved 1048576K
GC Heap History (8 events):
Event: 0.729 GC heap before
{Heap before GC invocations=0 (full 0):
 garbage-first heap   total 505856K, used 22528K [0x0000000613a00000, 0x0000000800000000)
  region size 2048K, 12 young (24576K), 0 survivors (0K)
 Metaspace       used 15226K, capacity 15508K, committed 15744K, reserved 1062912K
  class space    used 1531K, capacity 1636K, committed 1664K, reserved 1048576K
}
Event: 0.734 GC heap after
{Heap after GC invocations=1 (full 0):
 garbage-first heap   total 505856K, used 3142K [0x0000000613a00000, 0x0000000800000000)
  region size 2048K, 2 young (4096K), 2 survivors (4096K)
 Metaspace       used 15226K, capacity 15508K, committed 15744K, reserved 1062912K
  class space    used 1531K, capacity 1636K, committed 1664K, reserved 1048576K
}
Event: 1.748 GC heap before
{Heap before GC invocations=1 (full 0):
 garbage-first heap   total 505856K, used 25670K [0x0000000613a00000, 0x0000000800000000)
  region size 2048K, 14 young (28672K), 2 survivors (4096K)
 Metaspace       used 20836K, capacity 21190K, committed 21248K, reserved 1069056K
  class space    used 2154K, capacity 2285K, committed 2304K, reserved 1048576K
}
Event: 1.755 GC heap after
{Heap after GC invocations=2 (full 0):
 garbage-first heap   total 505856K, used 10031K [0x0000000613a00000, 0x0000000800000000)
  region size 2048K, 5 young (10240K), 5 survivors (10240K)
 Metaspace       used 20836K, capacity 21190K, committed 21248K, reserved 1069056K
  class space    used 2154K, capacity 2285K, committed 2304K, reserved 1048576K
}
Event: 3.909 GC heap before
{Heap before GC invocations=3 (full 0):
 garbage-first heap   total 505856K, used 98095K [0x0000000613a00000, 0x0000000800000000)
  region size 2048K, 44 young (90112K), 5 survivors (10240K)
 Metaspace       used 28504K, capacity 29200K, committed 29436K, reserved 1075200K
  class space    used 2999K, capacity 3301K, committed 3324K, reserved 1048576K
}
Event: 3.921 GC heap after
{Heap after GC invocations=4 (full 0):
 garbage-first heap   total 505856K, used 44120K [0x0000000613a00000, 0x0000000800000000)
  region size 2048K, 6 young (12288K), 6 survivors (12288K)
 Metaspace       used 28504K, capacity 29200K, committed 29436K, reserved 1075200K
  class space    used 2999K, capacity 3301K, committed 3324K, reserved 1048576K
}
Event: 6.848 GC heap before
{Heap before GC invocations=4 (full 0):
 garbage-first heap   total 505856K, used 83032K [0x0000000613a00000, 0x0000000800000000)
  region size 2048K, 25 young (51200K), 6 survivors (12288K)
 Metaspace       used 28852K, capacity 29543K, committed 29692K, reserved 1075200K
  class space    used 3001K, capacity 3302K, committed 3324K, reserved 1048576K
}
Event: 6.853 GC heap after
{Heap after GC invocations=5 (full 0):
 garbage-first heap   total 505856K, used 48507K [0x0000000613a00000, 0x0000000800000000)
  region size 2048K, 2 young (4096K), 2 survivors (4096K)
 Metaspace       used 28852K, capacity 29543K, committed 29692K, reserved 1075200K
  class space    used 3001K, capacity 3302K, committed 3324K, reserved 1048576K
}

