# JRE version: OpenJDK Runtime Environment (11.0.1+3) (build 11.0.0.1+3-5)
# Java VM: OpenJDK 64-Bit Server VM (11.0.0.1+3-5, mixed mode, tiered, compressed oops, g1 gc, windows-amd64)
Heap:
 garbage-first heap   total 505856K, used 139649K [0x0000000613a00000, 0x0000000800000000)
  region size 2048K, 45 young (92160K), 6 survivors (12288K)
 Metaspace       used 28785K, capacity 29497K, committed 29824K, reserved 1075200K
  class space    used 3020K, capacity 3336K, committed 3456K, reserved 1048576K
GC Heap History (8 events):
Event: 0.506 GC heap before
{Heap before GC invocations=0 (full 0):
 garbage-first heap   total 505856K, used 24576K [0x0000000613a00000, 0x0000000800000000)
  region size 2048K, 12 young (24576K), 0 survivors (0K)
 Metaspace       used 15177K, capacity 15444K, committed 15488K, reserved 1062912K
  class space    used 1524K, capacity 1636K, committed 1664K, reserved 1048576K
}
Event: 0.511 GC heap after
{Heap after GC invocations=1 (full 0):
 garbage-first heap   total 505856K, used 3125K [0x0000000613a00000, 0x0000000800000000)
  region size 2048K, 2 young (4096K), 2 survivors (4096K)
 Metaspace       used 15177K, capacity 15444K, committed 15488K, reserved 1062912K
  class space    used 1524K, capacity 1636K, committed 1664K, reserved 1048576K
}
Event: 1.327 GC heap before
{Heap before GC invocations=1 (full 0):
 garbage-first heap   total 505856K, used 25653K [0x0000000613a00000, 0x0000000800000000)
  region size 2048K, 14 young (28672K), 2 survivors (4096K)
 Metaspace       used 20858K, capacity 21190K, committed 21248K, reserved 1069056K
  class space    used 2150K, capacity 2285K, committed 2304K, reserved 1048576K
}
Event: 1.335 GC heap after
{Heap after GC invocations=2 (full 0):
 garbage-first heap   total 505856K, used 10240K [0x0000000613a00000, 0x0000000800000000)
  region size 2048K, 5 young (10240K), 5 survivors (10240K)
 Metaspace       used 20858K, capacity 21190K, committed 21248K, reserved 1069056K
  class space    used 2150K, capacity 2285K, committed 2304K, reserved 1048576K
}
Event: 2.484 GC heap before
{Heap before GC invocations=3 (full 0):
 garbage-first heap   total 505856K, used 96256K [0x0000000613a00000, 0x0000000800000000)
  region size 2048K, 44 young (90112K), 5 survivors (10240K)
 Metaspace       used 26930K, capacity 27521K, committed 27776K, reserved 1073152K
  class space    used 2880K, capacity 3145K, committed 3200K, reserved 1048576K
}
Event: 2.492 GC heap after
{Heap after GC invocations=4 (full 0):
 garbage-first heap   total 505856K, used 30367K [0x0000000613a00000, 0x0000000800000000)
  region size 2048K, 6 young (12288K), 6 survivors (12288K)
 Metaspace       used 26930K, capacity 27521K, committed 27776K, reserved 1073152K
  class space    used 2880K, capacity 3145K, committed 3200K, reserved 1048576K
}
Event: 3.639 GC heap before
{Heap before GC invocations=4 (full 0):
 garbage-first heap   total 505856K, used 112287K [0x0000000613a00000, 0x0000000800000000)
  region size 2048K, 48 young (98304K), 6 survivors (12288K)
 Metaspace       used 28583K, capacity 29301K, committed 29568K, reserved 1075200K
  class space    used 3010K, capacity 3336K, committed 3456K, reserved 1048576K
}
Event: 3.647 GC heap after
{Heap after GC invocations=5 (full 0):
 garbage-first heap   total 505856K, used 53633K [0x0000000613a00000, 0x0000000800000000)
  region size 2048K, 6 young (12288K), 6 survivors (12288K)
 Metaspace       used 28583K, capacity 29301K, committed 29568K, reserved 1075200K
  class space    used 3010K, capacity 3336K, committed 3456K, reserved 1048576K
}

