# JRE version: OpenJDK Runtime Environment (11.0.1+3) (build 11.0.0.1+3-5)
# Java VM: OpenJDK 64-Bit Server VM (11.0.0.1+3-5, mixed mode, tiered, compressed oops, g1 gc, windows-amd64)
Heap:
 garbage-first heap   total 505856K, used 70209K [0x0000000613a00000, 0x0000000800000000)
  region size 2048K, 9 young (18432K), 2 survivors (4096K)
 Metaspace       used 28813K, capacity 29454K, committed 29820K, reserved 1075200K
  class space    used 3022K, capacity 3316K, committed 3452K, reserved 1048576K
GC Heap History (8 events):
Event: 0.684 GC heap before
{Heap before GC invocations=0 (full 0):
 garbage-first heap   total 505856K, used 24576K [0x0000000613a00000, 0x0000000800000000)
  region size 2048K, 12 young (24576K), 0 survivors (0K)
 Metaspace       used 15279K, capacity 15508K, committed 15744K, reserved 1062912K
  class space    used 1533K, capacity 1636K, committed 1664K, reserved 1048576K
}
Event: 0.690 GC heap after
{Heap after GC invocations=1 (full 0):
 garbage-first heap   total 505856K, used 3143K [0x0000000613a00000, 0x0000000800000000)
  region size 2048K, 2 young (4096K), 2 survivors (4096K)
 Metaspace       used 15279K, capacity 15508K, committed 15744K, reserved 1062912K
  class space    used 1533K, capacity 1636K, committed 1664K, reserved 1048576K
}
Event: 1.765 GC heap before
{Heap before GC invocations=1 (full 0):
 garbage-first heap   total 505856K, used 25671K [0x0000000613a00000, 0x0000000800000000)
  region size 2048K, 14 young (28672K), 2 survivors (4096K)
 Metaspace       used 20835K, capacity 21190K, committed 21248K, reserved 1069056K
  class space    used 2155K, capacity 2285K, committed 2304K, reserved 1048576K
}
Event: 1.773 GC heap after
{Heap after GC invocations=2 (full 0):
 garbage-first heap   total 505856K, used 9940K [0x0000000613a00000, 0x0000000800000000)
  region size 2048K, 5 young (10240K), 5 survivors (10240K)
 Metaspace       used 20835K, capacity 21190K, committed 21248K, reserved 1069056K
  class space    used 2155K, capacity 2285K, committed 2304K, reserved 1048576K
}
Event: 3.694 GC heap before
{Heap before GC invocations=3 (full 0):
 garbage-first heap   total 505856K, used 95956K [0x0000000613a00000, 0x0000000800000000)
  region size 2048K, 43 young (88064K), 5 survivors (10240K)
 Metaspace       used 28376K, capacity 29084K, committed 29180K, reserved 1075200K
  class space    used 2988K, capacity 3283K, committed 3324K, reserved 1048576K
}
Event: 3.710 GC heap after
{Heap after GC invocations=4 (full 0):
 garbage-first heap   total 505856K, used 44098K [0x0000000613a00000, 0x0000000800000000)
  region size 2048K, 6 young (12288K), 6 survivors (12288K)
 Metaspace       used 28376K, capacity 29084K, committed 29180K, reserved 1075200K
  class space    used 2988K, capacity 3283K, committed 3324K, reserved 1048576K
}
Event: 7.388 GC heap before
{Heap before GC invocations=4 (full 0):
 garbage-first heap   total 505856K, used 93250K [0x0000000613a00000, 0x0000000800000000)
  region size 2048K, 30 young (61440K), 6 survivors (12288K)
 Metaspace       used 28787K, capacity 29454K, committed 29820K, reserved 1075200K
  class space    used 3017K, capacity 3316K, committed 3452K, reserved 1048576K
}
Event: 7.393 GC heap after
{Heap after GC invocations=5 (full 0):
 garbage-first heap   total 505856K, used 47681K [0x0000000613a00000, 0x0000000800000000)
  region size 2048K, 2 young (4096K), 2 survivors (4096K)
 Metaspace       used 28787K, capacity 29454K, committed 29820K, reserved 1075200K
  class space    used 3017K, capacity 3316K, committed 3452K, reserved 1048576K
}

